SF:lib/data/datasources/movie_local_data_source.dart
DA:17,1
DA:21,1
DA:23,3
DA:26,1
DA:27,0
DA:30,2
DA:35,1
DA:37,3
DA:40,1
DA:41,0
DA:44,2
DA:49,1
DA:50,3
DA:52,1
DA:59,1
DA:60,3
DA:61,4
LF:17
LH:15
end_of_record
SF:lib/data/datasources/db/database_helper.dart
DA:10,0
DA:14,0
DA:18,0
DA:19,0
DA:26,0
DA:27,0
DA:28,0
DA:30,0
DA:31,0
DA:35,0
DA:36,0
DA:43,0
DA:44,0
DA:51,0
DA:54,0
DA:55,0
DA:56,0
DA:59,0
DA:60,0
DA:61,0
DA:64,0
DA:68,0
DA:69,0
DA:70,0
DA:73,0
DA:76,0
DA:77,0
DA:83,0
DA:84,0
DA:85,0
DA:90,0
DA:91,0
DA:92,0
DA:95,0
DA:96,0
DA:97,0
DA:100,0
DA:104,0
DA:105,0
DA:106,0
DA:109,0
DA:112,0
DA:113,0
DA:119,0
DA:120,0
DA:122,0
LF:46
LH:0
end_of_record
SF:lib/data/datasources/movie_remote_data_source.dart
DA:25,1
DA:28,1
DA:31,5
DA:33,2
DA:34,4
DA:36,1
DA:39,1
DA:40,0
DA:43,1
DA:48,1
DA:51,5
DA:53,2
DA:54,3
DA:56,1
DA:59,1
DA:60,0
DA:63,1
DA:68,1
DA:70,2
DA:71,3
DA:73,2
DA:74,4
DA:76,1
DA:79,1
DA:80,0
DA:84,1
DA:89,1
DA:92,5
DA:94,2
DA:95,4
DA:97,1
DA:98,0
DA:100,1
DA:103,1
DA:104,0
DA:107,1
DA:112,1
DA:115,5
DA:117,2
DA:118,4
DA:120,1
DA:121,0
DA:123,1
DA:126,1
DA:127,0
DA:130,1
DA:135,1
DA:137,2
DA:138,3
DA:140,2
DA:141,4
DA:143,1
DA:146,1
DA:147,0
DA:150,1
LF:55
LH:47
end_of_record
SF:lib/data/datasources/series_local_data_source.dart
DA:16,1
DA:20,1
DA:22,3
DA:25,1
DA:26,0
DA:28,2
DA:33,1
DA:35,3
DA:38,1
DA:39,0
DA:41,2
DA:46,1
DA:47,3
DA:49,1
DA:56,1
DA:57,3
DA:58,4
LF:17
LH:15
end_of_record
SF:lib/data/datasources/series_remote_data_source.dart
DA:25,1
DA:29,1
DA:30,5
DA:32,2
DA:33,3
DA:35,1
DA:36,0
DA:38,1
DA:43,1
DA:44,2
DA:45,3
DA:47,2
DA:48,4
DA:50,1
DA:51,0
DA:53,1
DA:58,1
DA:60,5
DA:62,2
DA:63,4
DA:65,1
DA:66,0
DA:68,1
DA:73,1
DA:75,5
DA:77,2
DA:78,4
DA:80,1
DA:81,0
DA:83,1
DA:88,1
DA:90,5
DA:92,2
DA:93,4
DA:95,1
DA:96,0
DA:98,1
DA:103,1
DA:104,2
DA:105,3
DA:107,2
DA:108,4
DA:110,1
DA:111,0
DA:113,1
LF:45
LH:39
end_of_record
SF:lib/data/models/movie_detail_model.dart
DA:6,3
DA:52,1
DA:53,1
DA:54,1
DA:55,1
DA:56,1
DA:57,1
DA:58,4
DA:59,1
DA:60,1
DA:61,1
DA:62,1
DA:63,1
DA:64,1
DA:65,2
DA:66,1
DA:67,1
DA:68,1
DA:69,1
DA:70,1
DA:71,1
DA:72,1
DA:73,1
DA:74,2
DA:75,1
DA:78,2
DA:79,1
DA:80,1
DA:81,1
DA:82,5
DA:83,1
DA:84,1
DA:85,1
DA:86,1
DA:87,1
DA:88,1
DA:89,1
DA:90,1
DA:91,1
DA:92,1
DA:93,1
DA:94,1
DA:95,1
DA:96,1
DA:97,1
DA:98,1
DA:99,1
DA:102,1
DA:103,1
DA:104,1
DA:105,1
DA:106,5
DA:107,1
DA:108,1
DA:109,1
DA:110,1
DA:111,1
DA:112,1
DA:113,1
DA:114,1
DA:115,1
DA:119,1
DA:120,1
DA:121,1
DA:122,1
DA:123,1
DA:124,1
DA:125,1
DA:126,1
DA:127,1
DA:128,1
DA:129,1
DA:130,1
DA:131,1
DA:132,1
DA:133,1
DA:134,1
DA:135,1
DA:136,1
DA:137,1
DA:138,1
DA:139,1
DA:140,1
DA:141,1
LF:84
LH:84
end_of_record
SF:lib/data/models/movie_model.dart
DA:5,5
DA:35,4
DA:36,2
DA:37,2
DA:38,8
DA:39,2
DA:40,2
DA:41,2
DA:42,4
DA:43,2
DA:44,2
DA:45,2
DA:46,2
DA:47,4
DA:48,2
DA:51,2
DA:52,1
DA:53,1
DA:54,4
DA:55,1
DA:56,1
DA:57,1
DA:58,1
DA:59,1
DA:60,1
DA:61,1
DA:62,1
DA:63,1
DA:64,1
DA:67,2
DA:68,2
DA:69,2
DA:70,2
DA:71,2
DA:72,2
DA:73,2
DA:74,2
DA:75,2
DA:76,2
DA:77,2
DA:78,2
DA:79,2
DA:80,2
DA:81,2
DA:85,2
DA:86,2
DA:87,2
DA:88,2
DA:89,2
DA:90,2
DA:91,2
DA:92,2
DA:93,2
DA:94,2
DA:95,2
DA:96,2
DA:97,2
DA:98,2
DA:99,2
LF:59
LH:59
end_of_record
SF:lib/data/models/movie_table.dart
DA:11,76
DA:18,2
DA:19,1
DA:20,1
DA:21,1
DA:22,1
DA:25,2
DA:26,1
DA:27,1
DA:28,1
DA:29,1
DA:32,2
DA:33,1
DA:34,1
DA:35,1
DA:36,1
DA:39,2
DA:40,1
DA:41,1
DA:42,1
DA:43,1
DA:46,2
DA:47,10
LF:23
LH:23
end_of_record
SF:lib/data/models/series_detail_model.dart
DA:7,3
DA:59,1
DA:60,1
DA:61,1
DA:62,1
DA:63,2
DA:64,1
DA:65,4
DA:66,1
DA:67,1
DA:68,1
DA:69,4
DA:70,2
DA:71,1
DA:72,1
DA:73,4
DA:74,1
DA:75,1
DA:76,4
DA:77,1
DA:78,1
DA:79,1
DA:80,2
DA:81,1
DA:82,1
DA:83,1
DA:84,1
DA:85,2
DA:86,1
DA:89,2
DA:90,1
DA:91,1
DA:93,13
DA:94,5
DA:95,1
DA:96,1
DA:97,1
DA:98,4
DA:100,13
DA:101,1
DA:102,5
DA:103,1
DA:104,1
DA:105,4
DA:106,1
DA:107,1
DA:108,1
DA:109,1
DA:110,1
DA:111,1
DA:112,1
DA:113,1
DA:114,1
DA:115,1
DA:118,1
DA:119,1
DA:120,1
DA:121,1
DA:122,1
DA:123,5
DA:124,1
DA:125,1
DA:126,1
DA:127,1
DA:128,1
DA:129,1
DA:130,5
DA:131,1
DA:132,1
DA:133,1
DA:134,1
DA:135,1
DA:136,1
DA:137,1
DA:138,1
DA:139,1
DA:140,1
DA:141,1
DA:142,1
DA:143,1
DA:146,1
DA:147,1
DA:148,1
DA:149,1
DA:150,1
DA:151,1
DA:152,1
DA:153,1
DA:154,1
DA:155,1
DA:156,1
DA:157,1
DA:158,1
DA:159,1
DA:160,1
DA:161,1
DA:162,1
DA:163,1
DA:164,1
DA:165,1
DA:166,1
DA:167,1
DA:168,1
DA:169,1
DA:170,1
DA:171,1
LF:106
LH:106
end_of_record
SF:lib/data/models/series_model.dart
DA:5,3
DA:35,1
DA:36,1
DA:37,1
DA:38,1
DA:39,3
DA:40,4
DA:41,1
DA:42,1
DA:43,4
DA:44,1
DA:45,1
DA:46,1
DA:47,2
DA:48,1
DA:49,2
DA:50,1
DA:54,0
DA:55,0
DA:57,0
DA:58,0
DA:59,0
DA:60,0
DA:61,0
DA:62,0
DA:63,0
DA:64,0
DA:65,0
DA:66,0
DA:67,0
DA:68,0
DA:71,2
DA:72,2
DA:73,2
DA:74,2
DA:75,2
DA:76,2
DA:77,2
DA:78,2
DA:79,2
DA:80,2
DA:81,2
DA:82,2
DA:83,2
DA:84,2
DA:85,2
DA:88,1
DA:89,1
DA:90,1
DA:91,1
DA:92,1
DA:93,1
DA:94,1
DA:95,1
DA:96,1
DA:97,1
DA:98,1
DA:99,1
DA:100,1
DA:101,1
DA:102,1
LF:61
LH:47
end_of_record
SF:lib/data/models/series_table.dart
DA:11,76
DA:18,2
DA:19,1
DA:20,1
DA:21,1
DA:22,1
DA:25,2
DA:26,1
DA:27,1
DA:28,1
DA:29,1
DA:32,2
DA:33,1
DA:34,1
DA:35,1
DA:36,1
DA:39,2
DA:40,1
DA:41,1
DA:42,1
DA:43,1
DA:46,2
DA:47,10
LF:23
LH:23
end_of_record
SF:lib/domain/entities/movie.dart
DA:4,16
DA:20,2
DA:41,3
DA:42,3
DA:43,3
DA:44,3
DA:45,3
DA:46,3
DA:47,3
DA:48,3
DA:49,3
DA:50,3
DA:51,3
DA:52,3
DA:53,3
DA:54,3
DA:55,3
LF:17
LH:17
end_of_record
SF:lib/domain/entities/movie_detail.dart
DA:5,74
DA:33,1
DA:34,1
DA:35,1
DA:36,1
DA:37,1
DA:38,1
DA:39,1
DA:40,1
DA:41,1
DA:42,1
DA:43,1
DA:44,1
DA:45,1
LF:14
LH:14
end_of_record
SF:lib/domain/entities/series.dart
DA:4,16
DA:20,2
DA:41,2
DA:42,2
DA:43,2
DA:44,2
DA:45,2
DA:46,2
DA:47,2
DA:48,2
DA:49,2
DA:50,2
DA:51,2
DA:52,2
DA:53,2
DA:54,2
DA:55,2
LF:17
LH:17
end_of_record
SF:lib/domain/entities/series_detail.dart
DA:10,8
DA:62,1
DA:63,1
DA:64,1
DA:65,1
DA:66,1
DA:67,1
DA:68,1
DA:69,1
DA:70,1
DA:71,1
DA:72,1
DA:73,1
DA:74,1
DA:75,1
DA:76,1
DA:77,1
DA:78,1
DA:79,1
DA:80,1
DA:81,1
DA:82,1
DA:83,1
DA:84,1
DA:85,1
DA:86,1
DA:87,1
LF:27
LH:27
end_of_record
SF:lib/utils/ssl_pinning.dart
DA:5,0
DA:6,0
DA:8,0
DA:9,0
DA:10,0
LF:5
LH:0
end_of_record
SF:lib/utils/constants.dart
DA:9,0
DA:10,0
DA:11,0
LF:3
LH:0
end_of_record
SF:lib/utils/exception.dart
DA:6,4
LF:1
LH:1
end_of_record
SF:lib/utils/failure.dart
DA:6,30
DA:8,2
DA:9,4
DA:13,24
DA:17,4
DA:21,4
DA:25,12
LF:7
LH:7
end_of_record
SF:lib/utils/state_enum.dart
DA:3,63
LF:1
LH:1
end_of_record
SF:lib/utils/utils.dart
DA:3,0
LF:1
LH:0
end_of_record
SF:lib/styles/text_style.dart
DA:5,4
DA:6,2
DA:7,24
LF:3
LH:3
end_of_record
SF:lib/utils/dummy_data/dummy_objects.dart
DA:10,12
DA:27,27
DA:29,9
DA:43,36
DA:45,12
DA:62,15
DA:65,5
DA:72,5
DA:96,3
DA:99,1
DA:105,1
DA:125,6
DA:127,6
DA:144,3
DA:151,3
LF:15
LH:15
end_of_record
SF:lib/utils/json_reader.dart
DA:3,3
DA:4,6
DA:5,3
DA:6,0
DA:8,9
LF:5
LH:4
end_of_record
SF:lib/utils/encryptor.dart
DA:3,0
DA:4,0
DA:5,0
DA:7,0
DA:9,0
DA:11,0
LF:6
LH:0
end_of_record
SF:lib/data/models/movie_response.dart
DA:7,3
DA:9,4
DA:10,4
DA:11,6
DA:12,6
DA:15,2
DA:16,5
DA:19,1
DA:20,2
LF:9
LH:9
end_of_record
SF:lib/data/models/series_response.dart
DA:7,1
DA:9,2
DA:10,2
DA:11,3
DA:12,3
DA:15,0
DA:16,0
DA:19,0
DA:20,0
LF:9
LH:5
end_of_record
SF:lib/data/models/genre_model.dart
DA:5,8
DA:13,6
DA:14,3
DA:15,3
DA:18,6
DA:19,3
DA:20,3
DA:23,3
DA:24,9
DA:27,3
DA:28,9
LF:11
LH:11
end_of_record
SF:lib/domain/entities/genre.dart
DA:4,77
DA:12,3
DA:13,9
LF:3
LH:3
end_of_record
SF:lib/data/models/network_model.dart
DA:5,4
DA:17,1
DA:18,1
DA:19,1
DA:20,1
DA:21,1
DA:22,1
DA:25,4
DA:26,2
DA:27,2
DA:28,2
DA:29,2
DA:32,4
DA:33,8
DA:35,1
DA:36,5
LF:16
LH:16
end_of_record
SF:lib/domain/entities/network.dart
DA:4,76
DA:16,2
DA:17,1
DA:18,1
DA:19,1
DA:20,1
DA:23,2
DA:24,1
DA:25,1
DA:26,1
DA:27,1
DA:30,2
DA:31,10
LF:13
LH:13
end_of_record
SF:lib/utils/shared.dart
DA:10,0
DA:13,0
DA:15,0
DA:17,0
DA:19,0
DA:20,0
DA:21,0
DA:23,0
DA:24,0
DA:25,0
DA:26,0
DA:27,0
DA:29,0
DA:33,0
DA:36,0
DA:37,0
DA:38,0
DA:43,0
DA:45,0
LF:19
LH:0
end_of_record
SF:lib/data/repositories/movie_repository_impl.dart
DA:16,1
DA:22,1
DA:24,3
DA:25,5
DA:26,1
DA:28,1
DA:30,1
DA:36,1
DA:38,3
DA:39,2
DA:40,1
DA:42,1
DA:44,1
DA:50,1
DA:52,3
DA:53,3
DA:54,1
DA:56,1
DA:58,1
DA:64,1
DA:66,3
DA:67,5
DA:68,1
DA:70,1
DA:72,1
DA:78,1
DA:80,3
DA:81,5
DA:82,1
DA:84,1
DA:86,1
DA:89,0
DA:94,1
DA:96,3
DA:97,5
DA:98,1
DA:100,1
DA:102,1
DA:105,0
DA:110,1
DA:113,4
DA:114,1
DA:115,1
DA:116,3
DA:123,1
DA:126,4
DA:127,1
DA:128,1
DA:129,3
DA:134,1
DA:135,3
DA:140,1
DA:141,3
DA:142,5
LF:54
LH:52
end_of_record
SF:lib/data/repositories/series_repository_impl.dart
DA:16,1
DA:20,1
DA:22,3
DA:23,5
DA:24,1
DA:26,1
DA:28,1
DA:34,1
DA:36,3
DA:37,2
DA:38,1
DA:40,1
DA:42,1
DA:48,1
DA:50,3
DA:51,5
DA:52,1
DA:54,1
DA:56,1
DA:62,1
DA:64,3
DA:65,5
DA:66,1
DA:68,1
DA:70,1
DA:76,1
DA:77,3
DA:78,5
DA:82,1
DA:83,3
DA:88,1
DA:91,2
DA:92,2
DA:93,1
DA:94,1
DA:95,3
DA:100,1
DA:103,2
DA:104,2
DA:105,1
DA:106,1
DA:107,3
DA:114,1
DA:116,3
DA:117,5
DA:118,1
DA:120,1
DA:122,1
DA:128,1
DA:130,3
DA:131,5
DA:132,1
DA:134,1
DA:136,1
LF:54
LH:54
end_of_record
SF:lib/domain/usecases/get_movie_detail.dart
DA:9,1
DA:11,1
DA:12,2
LF:3
LH:3
end_of_record
SF:lib/domain/usecases/get_movie_recommendations.dart
DA:9,1
DA:11,1
DA:12,2
LF:3
LH:3
end_of_record
SF:lib/domain/usecases/get_watchlist_status.dart
DA:6,1
DA:8,1
DA:9,2
LF:3
LH:3
end_of_record
SF:lib/domain/usecases/remove_watchlist.dart
DA:9,1
DA:11,1
DA:12,2
LF:3
LH:3
end_of_record
SF:lib/domain/usecases/save_watchlist.dart
DA:9,1
DA:11,1
DA:12,2
LF:3
LH:3
end_of_record
SF:lib/presentation/provider/movie_detail_notifier.dart
DA:22,1
DA:31,2
DA:34,2
DA:37,2
DA:40,2
DA:43,2
DA:46,2
DA:48,1
DA:49,1
DA:50,1
DA:51,3
DA:52,3
DA:53,1
DA:54,1
DA:55,1
DA:56,2
DA:57,1
DA:59,1
DA:60,1
DA:61,1
DA:62,1
DA:63,1
DA:64,1
DA:65,1
DA:66,2
DA:68,1
DA:69,1
DA:70,1
DA:73,1
DA:74,1
DA:80,2
DA:82,1
DA:83,3
DA:85,2
DA:86,1
DA:87,2
DA:89,1
DA:90,1
DA:94,3
DA:97,1
DA:98,3
DA:100,2
DA:101,1
DA:102,2
DA:104,1
DA:105,1
DA:109,3
DA:112,1
DA:113,3
DA:114,1
DA:115,1
LF:51
LH:51
end_of_record
SF:lib/domain/usecases/get_watchlist_movies.dart
DA:9,1
DA:11,1
DA:12,2
LF:3
LH:3
end_of_record
SF:lib/presentation/provider/watchlist_movie_notifier.dart
DA:8,2
DA:11,2
DA:14,2
DA:16,1
DA:20,1
DA:21,1
DA:22,1
DA:24,3
DA:25,1
DA:26,1
DA:27,1
DA:28,2
DA:29,1
DA:31,1
DA:32,1
DA:33,1
DA:34,1
LF:17
LH:17
end_of_record
SF:lib/domain/usecases/get_popular_movies.dart
DA:9,1
DA:11,1
DA:12,2
LF:3
LH:3
end_of_record
SF:lib/presentation/provider/popular_movies_notifier.dart
DA:9,1
DA:12,2
DA:15,2
DA:18,2
DA:20,1
DA:21,1
DA:22,1
DA:24,3
DA:26,1
DA:27,1
DA:28,2
DA:29,1
DA:30,1
DA:32,1
DA:33,1
DA:34,1
DA:35,1
LF:17
LH:17
end_of_record
SF:lib/domain/usecases/get_now_playing_movies.dart
DA:9,1
DA:11,1
DA:12,2
LF:3
LH:3
end_of_record
SF:lib/domain/usecases/get_top_rated_movies.dart
DA:9,1
DA:11,1
DA:12,2
LF:3
LH:3
end_of_record
SF:lib/presentation/provider/movie_list_notifier.dart
DA:10,2
DA:13,2
DA:16,2
DA:19,2
DA:22,2
DA:25,2
DA:28,2
DA:30,1
DA:40,1
DA:41,1
DA:42,1
DA:44,3
DA:45,1
DA:46,1
DA:47,1
DA:48,2
DA:49,1
DA:51,1
DA:52,1
DA:53,1
DA:54,1
DA:59,1
DA:60,1
DA:61,1
DA:63,3
DA:64,1
DA:65,1
DA:66,1
DA:67,2
DA:68,1
DA:70,1
DA:71,1
DA:72,1
DA:73,1
DA:78,1
DA:79,1
DA:80,1
DA:82,3
DA:83,1
DA:84,1
DA:85,1
DA:86,2
DA:87,1
DA:89,1
DA:90,1
DA:91,1
DA:92,1
LF:47
LH:47
end_of_record
SF:lib/domain/usecases/series/get_popular_series.dart
DA:9,1
DA:11,1
DA:12,2
LF:3
LH:3
end_of_record
SF:lib/presentation/provider/series_popular_notifier.dart
DA:9,1
DA:12,2
DA:15,2
DA:18,2
DA:20,1
DA:21,1
DA:22,1
DA:24,3
DA:26,1
DA:27,1
DA:28,2
DA:29,1
DA:30,1
DA:32,1
DA:33,1
DA:34,1
DA:35,1
LF:17
LH:17
end_of_record
SF:lib/domain/usecases/series/get_on_the_air_series.dart
DA:9,1
DA:11,1
DA:12,2
LF:3
LH:3
end_of_record
SF:lib/domain/usecases/series/get_top_rated_series.dart
DA:9,1
DA:11,1
DA:12,2
LF:3
LH:3
end_of_record
SF:lib/presentation/provider/series_list_notifier.dart
DA:10,2
DA:13,2
DA:16,2
DA:19,2
DA:22,2
DA:25,2
DA:28,2
DA:30,1
DA:38,1
DA:39,1
DA:40,1
DA:42,3
DA:43,1
DA:44,1
DA:45,1
DA:46,2
DA:47,1
DA:49,1
DA:50,1
DA:51,1
DA:52,1
DA:57,1
DA:58,1
DA:59,1
DA:61,3
DA:62,1
DA:63,1
DA:64,1
DA:65,2
DA:66,1
DA:68,1
DA:69,1
DA:70,1
DA:71,1
DA:76,1
DA:77,1
DA:78,1
DA:80,3
DA:81,1
DA:82,1
DA:83,1
DA:84,2
DA:85,1
DA:87,1
DA:88,1
DA:89,1
DA:90,1
LF:47
LH:47
end_of_record
SF:lib/presentation/provider/series_top_rated_notifier.dart
DA:9,1
DA:12,2
DA:15,2
DA:18,2
DA:20,1
DA:21,1
DA:22,1
DA:24,3
DA:26,1
DA:27,1
DA:28,2
DA:29,1
DA:30,1
DA:32,1
DA:33,1
DA:34,1
DA:35,1
LF:17
LH:17
end_of_record
SF:lib/presentation/provider/top_rated_movies_notifier.dart
DA:9,1
DA:12,2
DA:15,2
DA:18,2
DA:20,1
DA:21,1
DA:22,1
DA:24,3
DA:26,1
DA:27,1
DA:28,2
DA:29,1
DA:30,1
DA:32,1
DA:33,1
DA:34,1
DA:35,1
LF:17
LH:17
end_of_record
SF:lib/domain/usecases/series/get_watchlist_series.dart
DA:9,1
DA:11,1
DA:12,2
LF:3
LH:3
end_of_record
SF:lib/presentation/provider/watchlist_series_notifier.dart
DA:8,1
DA:11,2
DA:14,2
DA:17,2
DA:18,1
DA:19,1
DA:20,1
DA:22,3
DA:23,1
DA:24,1
DA:25,1
DA:26,2
DA:27,1
DA:29,1
DA:30,1
DA:31,1
DA:32,1
LF:17
LH:17
end_of_record
SF:lib/domain/usecases/series/get_series_detail.dart
DA:9,1
DA:11,1
DA:12,2
LF:3
LH:3
end_of_record
SF:lib/domain/usecases/series/get_series_recommendation.dart
DA:9,1
DA:11,1
DA:12,2
LF:3
LH:3
end_of_record
SF:lib/domain/usecases/series/get_watchlist_status.dart
DA:6,1
DA:8,1
DA:9,2
LF:3
LH:3
end_of_record
SF:lib/domain/usecases/series/remove_watchlist_series.dart
DA:9,1
DA:11,1
DA:12,2
LF:3
LH:3
end_of_record
SF:lib/domain/usecases/series/save_watchlist_series.dart
DA:9,1
DA:11,1
DA:12,2
LF:3
LH:3
end_of_record
SF:lib/presentation/provider/series_detail_notifier.dart
DA:22,1
DA:30,2
DA:33,2
DA:36,2
DA:39,2
DA:42,2
DA:45,2
DA:47,1
DA:48,1
DA:49,1
DA:50,3
DA:51,3
DA:52,1
DA:53,1
DA:54,1
DA:55,2
DA:56,1
DA:58,1
DA:59,1
DA:60,1
DA:61,1
DA:62,1
DA:63,1
DA:64,1
DA:65,2
DA:67,1
DA:68,1
DA:69,1
DA:72,1
DA:73,1
DA:79,2
DA:81,1
DA:82,3
DA:84,2
DA:85,1
DA:86,2
DA:88,1
DA:89,1
DA:93,3
DA:96,1
DA:97,3
DA:99,2
DA:100,1
DA:101,2
DA:103,1
DA:104,1
DA:108,3
DA:111,1
DA:112,3
DA:113,1
DA:114,1
LF:51
LH:51
end_of_record
SF:lib/presentation/bloc/movies/top_rated/top_rated_bloc.dart
DA:11,3
DA:12,2
DA:13,2
DA:14,3
DA:15,2
DA:16,3
DA:17,1
DA:18,2
LF:8
LH:8
end_of_record
SF:lib/presentation/bloc/movies/top_rated/top_rated_state.dart
DA:7,1
DA:8,1
DA:12,1
DA:13,1
DA:18,2
DA:19,1
DA:20,1
DA:25,2
DA:26,1
DA:27,1
LF:10
LH:10
end_of_record
SF:lib/presentation/pages/top_rated_movies_page.dart
DA:9,1
DA:10,1
DA:14,1
DA:16,1
DA:17,4
DA:20,1
DA:22,1
DA:23,1
DA:26,1
DA:28,1
DA:29,1
DA:30,1
DA:34,1
DA:35,1
DA:37,2
DA:39,1
DA:40,1
DA:41,1
DA:42,2
DA:43,1
DA:45,2
DA:48,0
LF:22
LH:21
end_of_record
SF:lib/presentation/bloc/movies/added_wachlist_movies/added_wachlist_movies_event.dart
DA:9,2
DA:15,2
DA:21,2
LF:3
LH:3
end_of_record
SF:lib/presentation/bloc/movies/added_wachlist_movies/added_wachlist_movies_state.dart
DA:7,1
DA:8,1
DA:12,1
DA:13,1
DA:19,2
DA:20,1
DA:21,1
LF:7
LH:7
end_of_record
SF:lib/presentation/bloc/movies/added_wachlist_movies/added_wachlist_movies_bloc.dart
DA:20,1
DA:25,2
DA:26,2
DA:27,4
DA:28,2
DA:30,1
DA:31,1
DA:32,2
DA:33,4
DA:34,3
DA:36,5
DA:37,3
DA:38,1
DA:40,5
DA:41,2
DA:45,1
DA:46,1
DA:47,2
DA:48,4
DA:49,3
DA:51,5
DA:52,1
DA:53,3
DA:54,1
DA:56,5
DA:57,1
DA:58,2
DA:59,1
LF:28
LH:28
end_of_record
SF:lib/presentation/bloc/movies/detail_movies/detail_movies/detail_movies_state.dart
DA:7,1
DA:8,1
DA:12,1
DA:13,1
DA:18,2
DA:19,1
DA:20,1
DA:25,2
DA:26,1
DA:27,1
LF:10
LH:10
end_of_record
SF:lib/presentation/bloc/movies/detail_movies/detail_movies/detail_movies_bloc.dart
DA:11,3
DA:12,2
DA:13,2
DA:14,4
DA:15,2
DA:16,3
DA:17,1
DA:18,2
LF:8
LH:8
end_of_record
SF:lib/presentation/bloc/movies/detail_movies/detail_movies/detail_movies_event.dart
DA:8,2
LF:1
LH:1
end_of_record
SF:lib/presentation/bloc/movies/recommendation_movies/recommendation_movies_bloc.dart
DA:12,1
DA:13,2
DA:14,2
DA:15,2
DA:16,4
DA:17,2
DA:18,3
DA:19,1
DA:20,2
LF:9
LH:9
end_of_record
SF:lib/presentation/bloc/movies/recommendation_movies/recommendation_movies_state.dart
DA:7,1
DA:8,1
DA:12,1
DA:13,1
DA:18,1
DA:19,1
DA:20,1
DA:25,2
DA:26,1
DA:27,1
LF:10
LH:10
end_of_record
SF:lib/presentation/bloc/movies/recommendation_movies/recommendation_movies_event.dart
DA:9,2
LF:1
LH:1
end_of_record
SF:lib/presentation/pages/movie_detail_page.dart
DA:16,1
DA:18,1
DA:19,1
DA:23,1
DA:25,1
DA:26,1
DA:27,1
DA:28,4
DA:29,6
DA:30,1
DA:31,1
DA:32,4
DA:35,1
DA:37,1
DA:38,1
DA:39,1
DA:40,1
DA:44,1
DA:45,2
DA:46,1
DA:47,1
DA:48,1
DA:49,1
DA:54,0
DA:65,1
DA:69,1
DA:71,3
DA:72,1
DA:73,1
DA:74,1
DA:75,3
DA:77,1
DA:80,0
DA:82,1
DA:84,1
DA:85,1
DA:86,1
DA:96,1
DA:97,1
DA:98,1
DA:100,1
DA:102,1
DA:104,1
DA:105,1
DA:106,2
DA:107,1
DA:109,1
DA:111,1
DA:112,1
DA:113,2
DA:116,2
DA:119,1
DA:120,1
DA:121,2
DA:122,2
DA:124,1
DA:126,1
DA:127,1
DA:128,2
DA:134,1
DA:136,1
DA:137,1
DA:138,1
DA:139,1
DA:140,1
DA:142,1
DA:143,2
DA:144,1
DA:147,1
DA:148,2
DA:149,1
DA:152,1
DA:154,1
DA:155,1
DA:166,0
DA:168,0
DA:179,1
DA:180,3
DA:182,1
DA:183,3
DA:185,1
DA:186,1
DA:187,1
DA:188,3
DA:190,1
DA:196,4
DA:200,1
DA:202,1
DA:204,1
DA:205,2
DA:208,1
DA:210,1
DA:212,1
DA:214,1
DA:215,1
DA:219,1
DA:220,0
DA:222,1
DA:223,1
DA:225,1
DA:227,1
DA:228,2
DA:229,1
DA:231,1
DA:232,0
DA:233,0
DA:236,0
DA:239,1
DA:244,1
DA:246,2
DA:247,1
DA:253,0
DA:260,2
DA:264,0
DA:272,1
DA:274,1
DA:289,1
DA:291,1
DA:294,1
DA:296,0
DA:297,0
DA:306,1
DA:308,2
DA:309,3
DA:312,1
DA:316,3
DA:319,1
DA:320,1
DA:321,1
DA:323,1
DA:324,1
DA:326,0
LF:132
LH:119
end_of_record
SF:lib/presentation/widgets/movie_card_list.dart
DA:10,6
DA:12,3
DA:14,3
DA:16,3
DA:17,0
DA:18,0
DA:21,0
DA:24,3
DA:26,3
DA:27,3
DA:28,3
DA:34,3
DA:36,3
DA:37,3
DA:38,6
DA:41,3
DA:44,3
DA:45,6
DA:53,3
DA:58,3
DA:60,3
DA:61,9
DA:63,3
DA:66,0
LF:24
LH:20
end_of_record
SF:lib/presentation/bloc/series/popular_series/popular_series_state.dart
DA:7,1
DA:8,1
DA:12,1
DA:13,1
DA:18,2
DA:19,1
DA:20,1
DA:25,2
DA:26,1
DA:27,1
LF:10
LH:10
end_of_record
SF:lib/presentation/bloc/series/popular_series/popular_series_bloc.dart
DA:11,3
DA:12,2
DA:13,2
DA:14,3
DA:15,2
DA:16,3
DA:17,1
DA:18,2
LF:8
LH:8
end_of_record
SF:lib/presentation/pages/popular_series_page.dart
DA:9,1
DA:10,1
DA:14,1
DA:16,1
DA:17,4
DA:20,1
DA:22,1
DA:23,1
DA:26,1
DA:28,1
DA:29,1
DA:30,1
DA:34,1
DA:35,1
DA:37,2
DA:39,1
DA:40,1
DA:41,1
DA:42,2
DA:43,1
DA:45,2
DA:48,0
LF:22
LH:21
end_of_record
SF:lib/presentation/bloc/series/added_watchlist_series/added_watchlist_series_event.dart
DA:8,2
DA:14,1
DA:20,2
LF:3
LH:3
end_of_record
SF:lib/presentation/bloc/series/added_watchlist_series/added_watchlist_series_state.dart
DA:7,1
DA:8,1
DA:12,1
DA:13,1
DA:19,2
DA:20,1
DA:21,3
LF:7
LH:7
end_of_record
SF:lib/presentation/bloc/series/added_watchlist_series/added_watchlist_series_bloc.dart
DA:20,1
DA:25,2
DA:26,2
DA:27,4
DA:28,2
DA:30,1
DA:31,1
DA:32,2
DA:33,4
DA:34,3
DA:35,2
DA:36,3
DA:37,3
DA:38,1
DA:39,2
DA:40,3
DA:41,2
DA:45,1
DA:46,1
DA:47,2
DA:48,4
DA:49,3
DA:50,2
DA:51,3
DA:52,1
DA:53,3
DA:54,1
DA:55,2
DA:56,3
DA:57,1
DA:58,2
DA:59,1
LF:32
LH:32
end_of_record
SF:lib/presentation/bloc/series/detail_series/detail_series_event.dart
DA:8,2
LF:1
LH:1
end_of_record
SF:lib/presentation/bloc/series/detail_series/detail_series_state.dart
DA:7,1
DA:8,1
DA:12,1
DA:13,1
DA:18,1
DA:19,1
DA:20,1
DA:25,2
DA:26,1
DA:27,1
LF:10
LH:10
end_of_record
SF:lib/presentation/bloc/series/detail_series/detail_series_bloc.dart
DA:11,3
DA:12,2
DA:13,2
DA:14,4
DA:15,2
DA:16,3
DA:17,1
DA:18,2
LF:8
LH:8
end_of_record
SF:lib/presentation/bloc/series/recommendation_series/recommendation_series_state.dart
DA:7,1
DA:8,1
DA:12,1
DA:13,1
DA:18,1
DA:19,1
DA:20,1
DA:25,2
DA:26,1
DA:27,1
LF:10
LH:10
end_of_record
SF:lib/presentation/bloc/series/recommendation_series/recommendation_series_bloc.dart
DA:12,1
DA:13,2
DA:14,2
DA:15,2
DA:16,4
DA:17,2
DA:18,3
DA:19,1
DA:20,2
LF:9
LH:9
end_of_record
SF:lib/presentation/bloc/series/recommendation_series/recommendation_series_event.dart
DA:8,2
LF:1
LH:1
end_of_record
SF:lib/presentation/widgets/series_card_list.dart
DA:10,6
DA:12,3
DA:14,3
DA:16,3
DA:17,0
DA:18,0
DA:21,0
DA:24,3
DA:26,3
DA:27,3
DA:28,3
DA:34,3
DA:36,3
DA:37,3
DA:38,6
DA:41,3
DA:44,3
DA:45,6
DA:53,3
DA:58,3
DA:60,3
DA:61,9
DA:63,3
DA:66,0
LF:24
LH:20
end_of_record
SF:lib/presentation/pages/series_detail_page.dart
DA:16,1
DA:18,1
DA:19,1
DA:23,1
DA:25,1
DA:27,6
DA:28,1
DA:29,1
DA:30,4
DA:31,1
DA:32,1
DA:33,4
DA:36,1
DA:38,1
DA:39,1
DA:40,1
DA:41,1
DA:45,1
DA:46,0
DA:47,1
DA:48,1
DA:49,1
DA:50,1
DA:53,0
DA:64,1
DA:68,1
DA:70,3
DA:71,1
DA:72,1
DA:73,1
DA:74,3
DA:76,1
DA:79,0
DA:81,1
DA:83,1
DA:84,1
DA:85,1
DA:95,1
DA:96,1
DA:97,1
DA:99,1
DA:101,1
DA:103,1
DA:104,1
DA:105,2
DA:106,1
DA:108,1
DA:110,1
DA:111,1
DA:112,2
DA:115,2
DA:118,1
DA:119,1
DA:120,2
DA:121,2
DA:123,1
DA:125,1
DA:126,1
DA:127,2
DA:133,1
DA:135,1
DA:136,1
DA:137,1
DA:138,1
DA:139,1
DA:141,1
DA:142,2
DA:143,1
DA:146,0
DA:147,0
DA:148,0
DA:151,1
DA:153,1
DA:154,1
DA:165,0
DA:167,0
DA:178,1
DA:179,3
DA:181,1
DA:182,3
DA:184,1
DA:185,1
DA:186,1
DA:187,3
DA:189,1
DA:195,4
DA:199,1
DA:201,1
DA:203,1
DA:204,2
DA:207,1
DA:209,1
DA:211,1
DA:213,1
DA:214,1
DA:218,1
DA:219,0
DA:221,1
DA:222,1
DA:224,1
DA:226,1
DA:227,2
DA:228,1
DA:230,1
DA:231,0
DA:232,0
DA:235,0
DA:238,1
DA:243,1
DA:245,2
DA:246,1
DA:252,0
DA:259,2
DA:263,0
DA:271,1
DA:273,1
DA:288,1
DA:290,1
DA:293,1
DA:295,0
DA:296,0
DA:305,1
DA:307,2
DA:308,3
DA:311,1
DA:315,3
LF:126
LH:110
end_of_record
SF:lib/presentation/bloc/series/top_rated_series/top_rated_series_bloc.dart
DA:12,3
DA:13,2
DA:14,2
DA:15,3
DA:16,2
DA:17,3
DA:18,1
DA:19,2
LF:8
LH:8
end_of_record
SF:lib/presentation/bloc/series/top_rated_series/top_rated_series_state.dart
DA:7,1
DA:8,1
DA:12,1
DA:13,1
DA:18,2
DA:19,1
DA:20,1
DA:25,2
DA:26,1
DA:27,1
LF:10
LH:10
end_of_record
SF:lib/presentation/pages/top_rated_series_page.dart
DA:9,1
DA:10,1
DA:14,1
DA:16,1
DA:17,4
DA:20,1
DA:22,1
DA:23,1
DA:26,1
DA:28,1
DA:29,1
DA:30,1
DA:34,1
DA:35,1
DA:37,2
DA:39,1
DA:40,1
DA:41,1
DA:42,2
DA:43,1
DA:45,2
DA:48,0
LF:22
LH:21
end_of_record
SF:lib/presentation/bloc/movies/popular_movies_bloc/popular_movies_state.dart
DA:7,1
DA:8,1
DA:12,1
DA:13,1
DA:19,2
DA:20,1
DA:21,2
DA:27,2
DA:28,1
DA:29,2
LF:10
LH:10
end_of_record
SF:lib/presentation/bloc/movies/popular_movies_bloc/popular_movies_bloc.dart
DA:12,3
DA:13,2
DA:14,2
DA:15,3
DA:16,2
DA:17,3
DA:18,1
DA:19,2
LF:8
LH:8
end_of_record
SF:lib/presentation/pages/popular_movies_page.dart
DA:9,1
DA:10,1
DA:14,1
DA:16,1
DA:17,4
DA:20,1
DA:22,1
DA:23,1
DA:26,1
DA:28,1
DA:29,1
DA:30,1
DA:34,1
DA:35,1
DA:37,2
DA:39,1
DA:40,1
DA:41,1
DA:42,2
DA:43,1
DA:45,2
DA:48,0
LF:22
LH:21
end_of_record
SF:lib/presentation/bloc/series/on_the_air_series/on_the_air_series_state.dart
DA:7,1
DA:8,1
DA:12,1
DA:13,1
DA:18,1
DA:19,1
DA:20,1
DA:25,1
DA:26,1
DA:27,1
LF:10
LH:10
end_of_record
SF:lib/presentation/bloc/series/on_the_air_series/on_the_air_series_bloc.dart
DA:12,3
DA:13,2
DA:14,2
DA:15,3
DA:16,2
DA:17,3
DA:18,1
DA:19,2
LF:8
LH:8
end_of_record
SF:lib/presentation/bloc/movies/watchlist_movies/watchlist_movies_bloc.dart
DA:12,1
DA:13,2
DA:14,2
DA:15,2
DA:16,3
DA:17,2
DA:18,3
DA:19,1
DA:20,2
LF:9
LH:9
end_of_record
SF:lib/presentation/bloc/movies/watchlist_movies/watchlist_movies_state.dart
DA:7,1
DA:8,1
DA:12,1
DA:13,1
DA:18,1
DA:19,1
DA:20,1
DA:25,1
DA:26,1
DA:27,1
LF:10
LH:10
end_of_record
SF:lib/presentation/bloc/movies/now_playing/now_playing_bloc_state.dart
DA:7,1
DA:8,1
DA:12,1
DA:13,1
DA:18,1
DA:19,1
DA:20,1
DA:25,1
DA:26,1
DA:27,1
LF:10
LH:10
end_of_record
SF:lib/presentation/bloc/movies/now_playing/now_playing_bloc_bloc.dart
DA:12,3
DA:13,2
DA:14,2
DA:15,3
DA:16,2
DA:17,3
DA:18,1
DA:19,2
LF:8
LH:8
end_of_record
SF:lib/presentation/bloc/series/watchlist_series/watchlist_series_state.dart
DA:7,1
DA:8,1
DA:12,1
DA:13,1
DA:18,1
DA:19,1
DA:20,1
DA:25,1
DA:26,1
DA:27,1
LF:10
LH:10
end_of_record
SF:lib/presentation/bloc/series/watchlist_series/watchlist_series_bloc.dart
DA:12,1
DA:13,2
DA:14,2
DA:15,2
DA:16,3
DA:17,2
DA:18,3
DA:19,1
DA:20,2
LF:9
LH:9
end_of_record
