SF:./core/lib/data/datasources/movie_local_data_source.dart
DA:17,1
DA:21,1
DA:23,3
DA:26,1
DA:27,0
DA:30,2
DA:35,1
DA:37,3
DA:40,1
DA:41,0
DA:44,2
DA:49,1
DA:50,3
DA:52,1
DA:59,1
DA:60,3
DA:61,4
LF:17
LH:15
end_of_record
SF:./core/lib/data/datasources/db/database_helper.dart
DA:10,0
DA:14,0
DA:18,0
DA:19,0
DA:26,0
DA:27,0
DA:28,0
DA:30,0
DA:31,0
DA:35,0
DA:36,0
DA:43,0
DA:44,0
DA:51,0
DA:54,0
DA:55,0
DA:56,0
DA:59,0
DA:60,0
DA:61,0
DA:64,0
DA:68,0
DA:69,0
DA:70,0
DA:73,0
DA:76,0
DA:77,0
DA:83,0
DA:84,0
DA:85,0
DA:90,0
DA:91,0
DA:92,0
DA:95,0
DA:96,0
DA:97,0
DA:100,0
DA:104,0
DA:105,0
DA:106,0
DA:109,0
DA:112,0
DA:113,0
DA:119,0
DA:120,0
DA:122,0
LF:46
LH:0
end_of_record
SF:./core/lib/data/datasources/movie_remote_data_source.dart
DA:26,1
DA:29,1
DA:32,5
DA:34,2
DA:35,4
DA:37,1
DA:39,1
DA:40,0
DA:42,1
DA:43,0
DA:46,1
DA:51,1
DA:54,5
DA:56,2
DA:57,3
DA:59,1
DA:61,1
DA:62,0
DA:64,1
DA:65,0
DA:68,1
DA:73,1
DA:75,2
DA:76,3
DA:78,2
DA:79,4
DA:81,1
DA:83,1
DA:84,0
DA:86,1
DA:87,0
DA:91,1
DA:96,1
DA:99,5
DA:101,2
DA:102,4
DA:104,1
DA:105,0
DA:107,1
DA:109,1
DA:110,0
DA:112,1
DA:113,0
DA:116,1
DA:121,1
DA:124,5
DA:126,2
DA:127,4
DA:129,1
DA:130,0
DA:132,1
DA:134,1
DA:135,0
DA:137,1
DA:138,0
DA:141,1
DA:146,1
DA:148,2
DA:149,3
DA:151,2
DA:152,4
DA:154,1
DA:156,1
DA:157,0
DA:159,1
DA:160,0
DA:163,1
LF:67
LH:53
end_of_record
SF:./core/lib/data/datasources/series_local_data_source.dart
DA:16,1
DA:20,1
DA:22,3
DA:25,1
DA:26,0
DA:28,2
DA:33,1
DA:35,3
DA:38,1
DA:39,0
DA:41,2
DA:46,1
DA:47,3
DA:49,1
DA:56,1
DA:57,3
DA:58,4
LF:17
LH:15
end_of_record
SF:./core/lib/data/datasources/series_remote_data_source.dart
DA:26,1
DA:30,1
DA:32,5
DA:34,2
DA:35,3
DA:37,1
DA:38,0
DA:40,1
DA:42,1
DA:43,0
DA:45,1
DA:46,0
DA:49,1
DA:54,1
DA:56,2
DA:57,3
DA:59,2
DA:60,4
DA:62,1
DA:63,0
DA:65,1
DA:67,1
DA:68,0
DA:70,1
DA:71,0
DA:75,1
DA:80,1
DA:83,5
DA:85,2
DA:86,4
DA:88,1
DA:89,0
DA:91,1
DA:93,1
DA:94,0
DA:96,1
DA:97,0
DA:100,1
DA:105,1
DA:108,5
DA:110,2
DA:111,4
DA:113,1
DA:114,0
DA:116,1
DA:118,1
DA:119,0
DA:121,1
DA:122,0
DA:125,1
DA:130,1
DA:133,5
DA:135,2
DA:136,4
DA:138,1
DA:139,0
DA:141,1
DA:143,1
DA:144,0
DA:146,1
DA:147,0
DA:151,1
DA:156,1
DA:158,2
DA:159,3
DA:161,2
DA:162,4
DA:164,1
DA:165,0
DA:167,1
DA:169,1
DA:170,0
DA:172,1
DA:173,0
DA:176,1
LF:75
LH:57
end_of_record
SF:./core/lib/data/models/movie_detail_model.dart
DA:6,3
DA:52,1
DA:53,1
DA:54,1
DA:55,1
DA:56,1
DA:57,1
DA:58,4
DA:59,1
DA:60,1
DA:61,1
DA:62,1
DA:63,1
DA:64,1
DA:65,2
DA:66,1
DA:67,1
DA:68,1
DA:69,1
DA:70,1
DA:71,1
DA:72,1
DA:73,1
DA:74,2
DA:75,1
DA:78,2
DA:79,1
DA:80,1
DA:81,1
DA:82,5
DA:83,1
DA:84,1
DA:85,1
DA:86,1
DA:87,1
DA:88,1
DA:89,1
DA:90,1
DA:91,1
DA:92,1
DA:93,1
DA:94,1
DA:95,1
DA:96,1
DA:97,1
DA:98,1
DA:99,1
DA:102,1
DA:103,1
DA:104,1
DA:105,1
DA:106,5
DA:107,1
DA:108,1
DA:109,1
DA:110,1
DA:111,1
DA:112,1
DA:113,1
DA:114,1
DA:115,1
DA:119,1
DA:120,1
DA:121,1
DA:122,1
DA:123,1
DA:124,1
DA:125,1
DA:126,1
DA:127,1
DA:128,1
DA:129,1
DA:130,1
DA:131,1
DA:132,1
DA:133,1
DA:134,1
DA:135,1
DA:136,1
DA:137,1
DA:138,1
DA:139,1
DA:140,1
DA:141,1
LF:84
LH:84
end_of_record
SF:./core/lib/data/models/movie_model.dart
DA:5,5
DA:35,4
DA:36,2
DA:37,2
DA:38,8
DA:39,2
DA:40,2
DA:41,2
DA:42,4
DA:43,2
DA:44,2
DA:45,2
DA:46,2
DA:47,4
DA:48,2
DA:51,2
DA:52,1
DA:53,1
DA:54,4
DA:55,1
DA:56,1
DA:57,1
DA:58,1
DA:59,1
DA:60,1
DA:61,1
DA:62,1
DA:63,1
DA:64,1
DA:67,2
DA:68,2
DA:69,2
DA:70,2
DA:71,2
DA:72,2
DA:73,2
DA:74,2
DA:75,2
DA:76,2
DA:77,2
DA:78,2
DA:79,2
DA:80,2
DA:81,2
DA:85,2
DA:86,2
DA:87,2
DA:88,2
DA:89,2
DA:90,2
DA:91,2
DA:92,2
DA:93,2
DA:94,2
DA:95,2
DA:96,2
DA:97,2
DA:98,2
DA:99,2
LF:59
LH:59
end_of_record
SF:./core/lib/data/models/movie_table.dart
DA:11,66
DA:18,2
DA:19,1
DA:20,1
DA:21,1
DA:22,1
DA:25,2
DA:26,1
DA:27,1
DA:28,1
DA:29,1
DA:32,2
DA:33,1
DA:34,1
DA:35,1
DA:36,1
DA:39,2
DA:40,1
DA:41,1
DA:42,1
DA:43,1
DA:46,2
DA:47,10
LF:23
LH:23
end_of_record
SF:./core/lib/data/models/series_detail_model.dart
DA:7,3
DA:59,1
DA:60,1
DA:61,1
DA:62,1
DA:63,2
DA:64,1
DA:65,4
DA:66,1
DA:67,1
DA:68,1
DA:69,4
DA:70,2
DA:71,1
DA:72,1
DA:73,4
DA:74,1
DA:75,1
DA:76,4
DA:77,1
DA:78,1
DA:79,1
DA:80,2
DA:81,1
DA:82,1
DA:83,1
DA:84,1
DA:85,2
DA:86,1
DA:89,2
DA:90,1
DA:91,1
DA:93,13
DA:94,5
DA:95,1
DA:96,1
DA:97,1
DA:98,4
DA:100,13
DA:101,1
DA:102,5
DA:103,1
DA:104,1
DA:105,4
DA:106,1
DA:107,1
DA:108,1
DA:109,1
DA:110,1
DA:111,1
DA:112,1
DA:113,1
DA:114,1
DA:115,1
DA:118,1
DA:119,1
DA:120,1
DA:121,1
DA:122,1
DA:123,5
DA:124,1
DA:125,1
DA:126,1
DA:127,1
DA:128,1
DA:129,1
DA:130,5
DA:131,1
DA:132,1
DA:133,1
DA:134,1
DA:135,1
DA:136,1
DA:137,1
DA:138,1
DA:139,1
DA:140,1
DA:141,1
DA:142,1
DA:143,1
DA:146,1
DA:147,1
DA:148,1
DA:149,1
DA:150,1
DA:151,1
DA:152,1
DA:153,1
DA:154,1
DA:155,1
DA:156,1
DA:157,1
DA:158,1
DA:159,1
DA:160,1
DA:161,1
DA:162,1
DA:163,1
DA:164,1
DA:165,1
DA:166,1
DA:167,1
DA:168,1
DA:169,1
DA:170,1
DA:171,1
LF:106
LH:106
end_of_record
SF:./core/lib/data/models/series_model.dart
DA:5,3
DA:35,1
DA:36,1
DA:37,1
DA:38,1
DA:39,3
DA:40,4
DA:41,1
DA:42,1
DA:43,4
DA:44,1
DA:45,1
DA:46,1
DA:47,2
DA:48,1
DA:49,2
DA:50,1
DA:54,0
DA:55,0
DA:57,0
DA:58,0
DA:59,0
DA:60,0
DA:61,0
DA:62,0
DA:63,0
DA:64,0
DA:65,0
DA:66,0
DA:67,0
DA:68,0
DA:71,2
DA:72,2
DA:73,2
DA:74,2
DA:75,2
DA:76,2
DA:77,2
DA:78,2
DA:79,2
DA:80,2
DA:81,2
DA:82,2
DA:83,2
DA:84,2
DA:85,2
DA:88,1
DA:89,1
DA:90,1
DA:91,1
DA:92,1
DA:93,1
DA:94,1
DA:95,1
DA:96,1
DA:97,1
DA:98,1
DA:99,1
DA:100,1
DA:101,1
DA:102,1
LF:61
LH:47
end_of_record
SF:./core/lib/data/models/series_table.dart
DA:11,66
DA:18,2
DA:19,1
DA:20,1
DA:21,1
DA:22,1
DA:25,2
DA:26,1
DA:27,1
DA:28,1
DA:29,1
DA:32,2
DA:33,1
DA:34,1
DA:35,1
DA:36,1
DA:39,2
DA:40,1
DA:41,1
DA:42,1
DA:43,1
DA:46,2
DA:47,10
LF:23
LH:23
end_of_record
SF:./core/lib/domain/entities/movie.dart
DA:4,12
DA:20,1
DA:41,3
DA:42,3
DA:43,3
DA:44,3
DA:45,3
DA:46,3
DA:47,3
DA:48,3
DA:49,3
DA:50,3
DA:51,3
DA:52,3
DA:53,3
DA:54,3
DA:55,3
LF:17
LH:17
end_of_record
SF:./core/lib/domain/entities/movie_detail.dart
DA:5,64
DA:33,1
DA:34,1
DA:35,1
DA:36,1
DA:37,1
DA:38,1
DA:39,1
DA:40,1
DA:41,1
DA:42,1
DA:43,1
DA:44,1
DA:45,1
LF:14
LH:14
end_of_record
SF:./core/lib/domain/entities/series.dart
DA:4,12
DA:20,1
DA:41,2
DA:42,2
DA:43,2
DA:44,2
DA:45,2
DA:46,2
DA:47,2
DA:48,2
DA:49,2
DA:50,2
DA:51,2
DA:52,2
DA:53,2
DA:54,2
DA:55,2
LF:17
LH:17
end_of_record
SF:./core/lib/domain/entities/series_detail.dart
DA:10,7
DA:62,1
DA:63,1
DA:64,1
DA:65,1
DA:66,1
DA:67,1
DA:68,1
DA:69,1
DA:70,1
DA:71,1
DA:72,1
DA:73,1
DA:74,1
DA:75,1
DA:76,1
DA:77,1
DA:78,1
DA:79,1
DA:80,1
DA:81,1
DA:82,1
DA:83,1
DA:84,1
DA:85,1
DA:86,1
DA:87,1
LF:27
LH:27
end_of_record
SF:./core/lib/utils/ssl_pinning.dart
DA:5,0
DA:6,0
DA:8,0
DA:9,0
DA:10,0
LF:5
LH:0
end_of_record
SF:./core/lib/utils/constants.dart
DA:9,0
DA:10,0
DA:11,0
LF:3
LH:0
end_of_record
SF:./core/lib/utils/exception.dart
DA:6,4
LF:1
LH:1
end_of_record
SF:./core/lib/utils/failure.dart
DA:6,20
DA:8,2
DA:9,4
DA:13,16
DA:17,4
DA:21,4
DA:25,8
LF:7
LH:7
end_of_record
SF:./core/lib/utils/state_enum.dart
DA:3,53
LF:1
LH:1
end_of_record
SF:./core/lib/utils/utils.dart
DA:3,0
LF:1
LH:0
end_of_record
SF:./core/lib/styles/text_style.dart
DA:5,4
DA:6,2
DA:7,24
LF:3
LH:3
end_of_record
SF:./core/lib/utils/dummy_data/dummy_objects.dart
DA:10,12
DA:27,27
DA:29,9
DA:43,36
DA:45,12
DA:62,12
DA:65,4
DA:72,4
DA:96,3
DA:99,1
DA:105,1
DA:125,3
DA:127,3
DA:144,3
DA:151,3
LF:15
LH:15
end_of_record
SF:./core/lib/utils/json_reader.dart
DA:3,3
DA:4,6
DA:5,3
DA:6,0
DA:8,9
LF:5
LH:4
end_of_record
SF:./core/lib/utils/encryptor.dart
DA:3,0
DA:4,0
DA:5,0
DA:7,0
DA:9,0
DA:11,0
LF:6
LH:0
end_of_record
SF:./core/lib/data/models/movie_response.dart
DA:7,3
DA:9,4
DA:10,4
DA:11,6
DA:12,6
DA:15,2
DA:16,5
DA:19,1
DA:20,2
LF:9
LH:9
end_of_record
SF:./core/lib/data/models/series_response.dart
DA:7,1
DA:9,2
DA:10,2
DA:11,3
DA:12,3
DA:15,0
DA:16,0
DA:19,0
DA:20,0
LF:9
LH:5
end_of_record
SF:./core/lib/data/models/genre_model.dart
DA:5,8
DA:13,6
DA:14,3
DA:15,3
DA:18,6
DA:19,3
DA:20,3
DA:23,3
DA:24,9
DA:27,3
DA:28,9
LF:11
LH:11
end_of_record
SF:./core/lib/domain/entities/genre.dart
DA:4,67
DA:12,3
DA:13,9
LF:3
LH:3
end_of_record
SF:./core/lib/data/models/network_model.dart
DA:5,4
DA:17,1
DA:18,1
DA:19,1
DA:20,1
DA:21,1
DA:22,1
DA:25,4
DA:26,2
DA:27,2
DA:28,2
DA:29,2
DA:32,4
DA:33,8
DA:35,1
DA:36,5
LF:16
LH:16
end_of_record
SF:./core/lib/domain/entities/network.dart
DA:4,66
DA:16,2
DA:17,1
DA:18,1
DA:19,1
DA:20,1
DA:23,2
DA:24,1
DA:25,1
DA:26,1
DA:27,1
DA:30,2
DA:31,10
LF:13
LH:13
end_of_record
SF:./core/lib/utils/shared.dart
DA:10,0
DA:13,0
DA:15,0
DA:17,0
DA:19,0
DA:20,0
DA:21,0
DA:23,0
DA:24,0
DA:25,0
DA:26,0
DA:27,0
DA:29,0
DA:33,0
DA:36,0
DA:37,0
DA:38,0
DA:43,0
DA:45,0
LF:19
LH:0
end_of_record
SF:./core/lib/data/repositories/movie_repository_impl.dart
DA:16,1
DA:22,1
DA:24,3
DA:25,5
DA:26,1
DA:28,1
DA:30,1
DA:32,1
DA:35,0
DA:40,1
DA:42,3
DA:43,2
DA:44,1
DA:46,1
DA:48,1
DA:50,1
DA:53,0
DA:58,1
DA:60,3
DA:61,3
DA:62,1
DA:64,1
DA:66,1
DA:68,1
DA:71,0
DA:76,1
DA:78,3
DA:79,5
DA:80,1
DA:82,1
DA:84,1
DA:86,1
DA:89,0
DA:94,1
DA:96,3
DA:97,5
DA:98,1
DA:100,1
DA:102,1
DA:104,1
DA:107,0
DA:112,1
DA:114,3
DA:115,5
DA:116,1
DA:118,1
DA:120,1
DA:122,1
DA:125,0
DA:130,1
DA:133,4
DA:134,1
DA:135,1
DA:136,3
DA:143,1
DA:146,4
DA:147,1
DA:148,1
DA:149,3
DA:154,1
DA:155,3
DA:160,1
DA:161,3
DA:162,5
LF:64
LH:58
end_of_record
SF:./core/lib/data/repositories/series_repository_impl.dart
DA:16,1
DA:20,1
DA:22,3
DA:23,5
DA:24,1
DA:26,1
DA:28,1
DA:30,1
DA:33,0
DA:38,1
DA:40,3
DA:41,2
DA:42,1
DA:44,1
DA:46,1
DA:48,1
DA:51,0
DA:56,1
DA:58,3
DA:59,5
DA:60,1
DA:62,1
DA:64,1
DA:66,1
DA:69,0
DA:74,1
DA:76,3
DA:77,5
DA:78,1
DA:80,1
DA:82,1
DA:84,1
DA:87,0
DA:92,1
DA:93,3
DA:94,5
DA:98,1
DA:99,3
DA:104,1
DA:107,2
DA:108,2
DA:109,1
DA:110,1
DA:111,3
DA:116,1
DA:119,2
DA:120,2
DA:121,1
DA:122,1
DA:123,3
DA:130,1
DA:132,3
DA:133,5
DA:134,1
DA:136,1
DA:138,1
DA:140,1
DA:143,0
DA:148,1
DA:150,3
DA:151,5
DA:152,1
DA:154,1
DA:156,1
DA:158,1
DA:161,0
LF:66
LH:60
end_of_record
SF:./core/lib/presentation/bloc/movies/top_rated/top_rated_bloc.dart
DA:11,3
DA:12,2
DA:13,2
DA:14,3
DA:15,2
DA:16,3
DA:17,1
DA:18,2
LF:8
LH:8
end_of_record
SF:./core/lib/presentation/bloc/movies/top_rated/top_rated_state.dart
DA:7,1
DA:8,1
DA:12,1
DA:13,1
DA:18,2
DA:19,1
DA:20,1
DA:25,2
DA:26,1
DA:27,1
LF:10
LH:10
end_of_record
SF:./core/lib/presentation/pages/top_rated_movies_page.dart
DA:9,1
DA:10,1
DA:14,1
DA:16,1
DA:17,4
DA:20,1
DA:22,1
DA:23,1
DA:26,1
DA:28,1
DA:29,1
DA:30,1
DA:34,1
DA:35,1
DA:37,2
DA:39,1
DA:40,1
DA:41,1
DA:42,2
DA:43,1
DA:45,2
DA:48,0
LF:22
LH:21
end_of_record
SF:./core/lib/domain/usecases/get_movie_detail.dart
DA:9,1
DA:11,1
DA:12,2
LF:3
LH:3
end_of_record
SF:./core/lib/domain/usecases/get_movie_recommendations.dart
DA:9,1
DA:11,1
DA:12,2
LF:3
LH:3
end_of_record
SF:./core/lib/domain/usecases/get_top_rated_movies.dart
DA:9,1
DA:11,1
DA:12,2
LF:3
LH:3
end_of_record
SF:./core/lib/domain/usecases/remove_watchlist.dart
DA:9,1
DA:11,1
DA:12,2
LF:3
LH:3
end_of_record
SF:./core/lib/domain/usecases/save_watchlist.dart
DA:9,1
DA:11,1
DA:12,2
LF:3
LH:3
end_of_record
SF:./core/lib/presentation/bloc/movies/added_wachlist_movies/added_wachlist_movies_event.dart
DA:9,2
DA:15,2
DA:21,2
LF:3
LH:3
end_of_record
SF:./core/lib/presentation/bloc/movies/added_wachlist_movies/added_wachlist_movies_state.dart
DA:7,1
DA:8,1
DA:12,1
DA:13,1
DA:19,2
DA:20,1
DA:21,3
LF:7
LH:7
end_of_record
SF:./core/lib/presentation/bloc/movies/added_wachlist_movies/added_wachlist_movies_bloc.dart
DA:20,1
DA:25,2
DA:26,2
DA:27,4
DA:28,2
DA:30,1
DA:31,1
DA:32,2
DA:33,4
DA:34,3
DA:36,5
DA:37,3
DA:38,1
DA:40,5
DA:41,2
DA:45,1
DA:46,1
DA:47,2
DA:48,4
DA:49,3
DA:51,5
DA:52,3
DA:53,1
DA:55,5
DA:56,2
LF:25
LH:25
end_of_record
SF:./core/lib/presentation/bloc/movies/detail_movies/detail_movies/detail_movies_state.dart
DA:7,1
DA:8,1
DA:12,1
DA:13,1
DA:18,2
DA:19,1
DA:20,1
DA:25,2
DA:26,1
DA:27,1
LF:10
LH:10
end_of_record
SF:./core/lib/presentation/bloc/movies/detail_movies/detail_movies/detail_movies_bloc.dart
DA:11,3
DA:12,2
DA:13,2
DA:14,4
DA:15,2
DA:16,3
DA:17,1
DA:18,2
LF:8
LH:8
end_of_record
SF:./core/lib/presentation/bloc/movies/detail_movies/detail_movies/detail_movies_event.dart
DA:8,2
LF:1
LH:1
end_of_record
SF:./core/lib/presentation/bloc/movies/recommendation_movies/recommendation_movies_bloc.dart
DA:12,1
DA:13,2
DA:14,2
DA:15,2
DA:16,4
DA:17,2
DA:18,3
DA:19,1
DA:20,2
LF:9
LH:9
end_of_record
SF:./core/lib/presentation/bloc/movies/recommendation_movies/recommendation_movies_state.dart
DA:7,1
DA:8,1
DA:12,1
DA:13,1
DA:18,1
DA:19,1
DA:20,1
DA:25,2
DA:26,1
DA:27,1
LF:10
LH:10
end_of_record
SF:./core/lib/presentation/bloc/movies/recommendation_movies/recommendation_movies_event.dart
DA:9,2
LF:1
LH:1
end_of_record
SF:./core/lib/presentation/pages/movie_detail_page.dart
DA:16,1
DA:18,1
DA:19,1
DA:23,1
DA:25,1
DA:26,1
DA:27,1
DA:28,4
DA:29,6
DA:30,1
DA:31,1
DA:32,4
DA:35,1
DA:37,1
DA:38,1
DA:39,1
DA:40,1
DA:44,1
DA:45,2
DA:46,1
DA:47,1
DA:48,1
DA:49,1
DA:54,0
DA:65,1
DA:69,1
DA:71,3
DA:72,1
DA:73,1
DA:74,1
DA:75,3
DA:77,1
DA:80,0
DA:82,1
DA:84,1
DA:85,1
DA:86,1
DA:96,1
DA:97,1
DA:98,1
DA:100,1
DA:102,1
DA:104,1
DA:105,1
DA:106,2
DA:107,1
DA:109,1
DA:111,1
DA:112,1
DA:113,2
DA:116,2
DA:119,1
DA:120,1
DA:121,2
DA:122,2
DA:124,2
DA:127,1
DA:129,1
DA:130,1
DA:131,2
DA:137,1
DA:139,1
DA:140,1
DA:141,1
DA:142,1
DA:143,1
DA:145,1
DA:146,2
DA:147,1
DA:150,1
DA:151,2
DA:152,1
DA:155,1
DA:157,1
DA:158,1
DA:169,0
DA:171,0
DA:182,1
DA:183,3
DA:185,1
DA:186,3
DA:188,1
DA:189,1
DA:190,1
DA:191,3
DA:193,1
DA:199,4
DA:203,1
DA:205,1
DA:207,1
DA:208,2
DA:211,1
DA:213,1
DA:215,1
DA:217,1
DA:218,1
DA:222,1
DA:223,0
DA:225,1
DA:226,1
DA:228,1
DA:230,1
DA:231,2
DA:232,1
DA:234,1
DA:235,0
DA:236,0
DA:239,0
DA:242,1
DA:247,1
DA:249,2
DA:250,1
DA:256,0
DA:263,2
DA:267,0
DA:275,1
DA:277,1
DA:292,1
DA:294,1
DA:297,1
DA:299,0
DA:300,0
DA:309,1
DA:311,2
DA:312,3
DA:315,1
DA:319,3
DA:322,1
DA:323,1
DA:324,1
DA:326,1
DA:327,1
DA:329,0
LF:133
LH:120
end_of_record
SF:./core/lib/presentation/widgets/movie_card_list.dart
DA:10,6
DA:12,3
DA:14,3
DA:16,3
DA:17,0
DA:18,0
DA:21,0
DA:24,3
DA:26,3
DA:27,3
DA:28,3
DA:34,3
DA:36,3
DA:37,3
DA:38,6
DA:41,3
DA:44,3
DA:45,6
DA:53,3
DA:58,3
DA:60,3
DA:61,9
DA:63,3
DA:66,0
LF:24
LH:20
end_of_record
SF:./core/lib/presentation/bloc/series/popular_series/popular_series_state.dart
DA:7,1
DA:8,1
DA:12,1
DA:13,1
DA:18,2
DA:19,1
DA:20,1
DA:25,2
DA:26,1
DA:27,1
LF:10
LH:10
end_of_record
SF:./core/lib/presentation/bloc/series/popular_series/popular_series_bloc.dart
DA:11,3
DA:12,2
DA:13,2
DA:14,3
DA:15,2
DA:16,3
DA:17,1
DA:18,2
LF:8
LH:8
end_of_record
SF:./core/lib/presentation/pages/popular_series_page.dart
DA:9,1
DA:10,1
DA:14,1
DA:16,1
DA:17,4
DA:20,1
DA:22,1
DA:23,1
DA:26,1
DA:28,1
DA:29,1
DA:30,1
DA:34,1
DA:35,1
DA:37,2
DA:39,1
DA:40,1
DA:41,1
DA:42,2
DA:43,1
DA:45,2
DA:48,0
LF:22
LH:21
end_of_record
SF:./core/lib/domain/usecases/series/get_popular_series.dart
DA:9,1
DA:11,1
DA:12,2
LF:3
LH:3
end_of_record
SF:./core/lib/domain/usecases/series/get_series_detail.dart
DA:9,1
DA:11,1
DA:12,2
LF:3
LH:3
end_of_record
SF:./core/lib/domain/usecases/series/get_series_recommendation.dart
DA:9,1
DA:11,1
DA:12,2
LF:3
LH:3
end_of_record
SF:./core/lib/domain/usecases/series/remove_watchlist_series.dart
DA:9,1
DA:11,1
DA:12,2
LF:3
LH:3
end_of_record
SF:./core/lib/domain/usecases/series/save_watchlist_series.dart
DA:9,1
DA:11,1
DA:12,2
LF:3
LH:3
end_of_record
SF:./core/lib/presentation/bloc/series/added_watchlist_series/added_watchlist_series_event.dart
DA:8,2
DA:14,1
DA:20,2
LF:3
LH:3
end_of_record
SF:./core/lib/presentation/bloc/series/added_watchlist_series/added_watchlist_series_state.dart
DA:7,1
DA:8,1
DA:12,1
DA:13,1
DA:19,2
DA:20,1
DA:21,3
LF:7
LH:7
end_of_record
SF:./core/lib/presentation/bloc/series/added_watchlist_series/added_watchlist_series_bloc.dart
DA:20,1
DA:25,2
DA:26,2
DA:27,4
DA:28,2
DA:30,1
DA:31,1
DA:32,2
DA:33,4
DA:34,3
DA:35,2
DA:36,3
DA:37,3
DA:38,1
DA:39,2
DA:40,3
DA:41,2
DA:45,1
DA:46,1
DA:47,2
DA:48,4
DA:49,3
DA:50,2
DA:51,3
DA:52,3
DA:53,1
DA:54,2
DA:55,3
DA:56,2
LF:29
LH:29
end_of_record
SF:./core/lib/presentation/bloc/series/detail_series/detail_series_event.dart
DA:8,2
LF:1
LH:1
end_of_record
SF:./core/lib/presentation/bloc/series/detail_series/detail_series_state.dart
DA:7,1
DA:8,1
DA:12,1
DA:13,1
DA:18,1
DA:19,1
DA:20,1
DA:25,2
DA:26,1
DA:27,1
LF:10
LH:10
end_of_record
SF:./core/lib/presentation/bloc/series/detail_series/detail_series_bloc.dart
DA:11,3
DA:12,2
DA:13,2
DA:14,4
DA:15,2
DA:16,3
DA:17,1
DA:18,2
LF:8
LH:8
end_of_record
SF:./core/lib/presentation/bloc/series/recommendation_series/recommendation_series_state.dart
DA:7,1
DA:8,1
DA:12,1
DA:13,1
DA:18,1
DA:19,1
DA:20,1
DA:25,2
DA:26,1
DA:27,1
LF:10
LH:10
end_of_record
SF:./core/lib/presentation/bloc/series/recommendation_series/recommendation_series_bloc.dart
DA:12,1
DA:13,2
DA:14,2
DA:15,2
DA:16,4
DA:17,2
DA:18,3
DA:19,1
DA:20,2
LF:9
LH:9
end_of_record
SF:./core/lib/presentation/bloc/series/recommendation_series/recommendation_series_event.dart
DA:8,2
LF:1
LH:1
end_of_record
SF:./core/lib/presentation/widgets/series_card_list.dart
DA:10,6
DA:12,3
DA:14,3
DA:16,3
DA:17,0
DA:18,0
DA:21,0
DA:24,3
DA:26,3
DA:27,3
DA:28,3
DA:34,3
DA:36,3
DA:37,3
DA:38,6
DA:41,3
DA:44,3
DA:45,6
DA:53,3
DA:58,3
DA:60,3
DA:61,9
DA:63,3
DA:66,0
LF:24
LH:20
end_of_record
SF:./core/lib/presentation/pages/series_detail_page.dart
DA:16,1
DA:18,1
DA:19,1
DA:23,1
DA:25,1
DA:27,6
DA:28,1
DA:29,1
DA:30,4
DA:31,1
DA:32,1
DA:33,4
DA:36,1
DA:38,1
DA:39,1
DA:40,1
DA:41,1
DA:45,1
DA:46,0
DA:47,1
DA:48,1
DA:49,1
DA:50,1
DA:53,0
DA:64,1
DA:68,1
DA:70,3
DA:71,1
DA:72,1
DA:73,1
DA:74,3
DA:76,1
DA:79,0
DA:81,1
DA:83,1
DA:84,1
DA:85,1
DA:95,1
DA:96,1
DA:97,1
DA:99,1
DA:101,1
DA:103,1
DA:104,1
DA:105,2
DA:106,1
DA:108,1
DA:110,1
DA:111,1
DA:112,2
DA:115,2
DA:118,1
DA:119,1
DA:120,2
DA:121,2
DA:123,2
DA:126,1
DA:128,1
DA:129,1
DA:130,2
DA:136,1
DA:138,1
DA:139,1
DA:140,1
DA:141,1
DA:142,1
DA:144,1
DA:145,2
DA:146,1
DA:149,0
DA:150,0
DA:151,0
DA:154,1
DA:156,1
DA:157,1
DA:168,0
DA:170,0
DA:181,1
DA:182,3
DA:184,1
DA:185,3
DA:187,1
DA:188,1
DA:189,1
DA:190,3
DA:192,1
DA:198,4
DA:202,1
DA:204,1
DA:206,1
DA:207,2
DA:210,1
DA:212,1
DA:214,1
DA:216,1
DA:217,1
DA:221,1
DA:222,0
DA:224,1
DA:225,1
DA:227,1
DA:229,1
DA:230,2
DA:231,1
DA:233,1
DA:234,0
DA:235,0
DA:238,0
DA:241,1
DA:246,1
DA:248,2
DA:249,1
DA:255,0
DA:262,2
DA:266,0
DA:274,1
DA:276,1
DA:291,1
DA:293,1
DA:296,1
DA:298,0
DA:299,0
DA:308,1
DA:310,2
DA:311,3
DA:314,1
DA:318,3
LF:127
LH:111
end_of_record
SF:./core/lib/presentation/bloc/series/top_rated_series/top_rated_series_bloc.dart
DA:12,3
DA:13,2
DA:14,2
DA:15,3
DA:16,2
DA:17,3
DA:18,1
DA:19,2
LF:8
LH:8
end_of_record
SF:./core/lib/presentation/bloc/series/top_rated_series/top_rated_series_state.dart
DA:7,1
DA:8,1
DA:12,1
DA:13,1
DA:18,2
DA:19,1
DA:20,1
DA:25,2
DA:26,1
DA:27,1
LF:10
LH:10
end_of_record
SF:./core/lib/presentation/pages/top_rated_series_page.dart
DA:9,1
DA:10,1
DA:14,1
DA:16,1
DA:17,4
DA:20,1
DA:22,1
DA:23,1
DA:26,1
DA:28,1
DA:29,1
DA:30,1
DA:34,1
DA:35,1
DA:37,2
DA:39,1
DA:40,1
DA:41,1
DA:42,2
DA:43,1
DA:45,2
DA:48,0
LF:22
LH:21
end_of_record
SF:./core/lib/domain/usecases/series/get_top_rated_series.dart
DA:9,1
DA:11,1
DA:12,2
LF:3
LH:3
end_of_record
SF:./core/lib/presentation/bloc/movies/popular_movies_bloc/popular_movies_state.dart
DA:7,1
DA:8,1
DA:12,1
DA:13,1
DA:19,2
DA:20,1
DA:21,2
DA:27,2
DA:28,1
DA:29,2
LF:10
LH:10
end_of_record
SF:./core/lib/presentation/bloc/movies/popular_movies_bloc/popular_movies_bloc.dart
DA:12,3
DA:13,2
DA:14,2
DA:15,3
DA:16,2
DA:17,3
DA:18,1
DA:19,2
LF:8
LH:8
end_of_record
SF:./core/lib/presentation/pages/popular_movies_page.dart
DA:9,1
DA:10,1
DA:14,1
DA:16,1
DA:17,4
DA:20,1
DA:22,1
DA:23,1
DA:26,1
DA:28,1
DA:29,1
DA:30,1
DA:34,1
DA:35,1
DA:37,2
DA:39,1
DA:40,1
DA:41,1
DA:42,2
DA:43,1
DA:45,2
DA:48,0
LF:22
LH:21
end_of_record
SF:./core/lib/domain/usecases/get_popular_movies.dart
DA:9,1
DA:11,1
DA:12,2
LF:3
LH:3
end_of_record
SF:./core/lib/domain/usecases/series/get_on_the_air_series.dart
DA:9,1
DA:11,1
DA:12,2
LF:3
LH:3
end_of_record
SF:./core/lib/presentation/bloc/series/on_the_air_series/on_the_air_series_state.dart
DA:7,1
DA:8,1
DA:12,1
DA:13,1
DA:18,1
DA:19,1
DA:20,1
DA:25,1
DA:26,1
DA:27,1
LF:10
LH:10
end_of_record
SF:./core/lib/presentation/bloc/series/on_the_air_series/on_the_air_series_bloc.dart
DA:12,3
DA:13,2
DA:14,2
DA:15,3
DA:16,2
DA:17,3
DA:18,1
DA:19,2
LF:8
LH:8
end_of_record
SF:./core/lib/domain/usecases/get_watchlist_movies.dart
DA:9,1
DA:11,1
DA:12,2
LF:3
LH:3
end_of_record
SF:./core/lib/presentation/bloc/movies/watchlist_movies/watchlist_movies_bloc.dart
DA:12,1
DA:13,2
DA:14,2
DA:15,2
DA:16,3
DA:17,2
DA:18,3
DA:19,1
DA:20,2
LF:9
LH:9
end_of_record
SF:./core/lib/presentation/bloc/movies/watchlist_movies/watchlist_movies_state.dart
DA:7,1
DA:8,1
DA:12,1
DA:13,1
DA:18,1
DA:19,1
DA:20,1
DA:25,1
DA:26,1
DA:27,1
LF:10
LH:10
end_of_record
SF:./core/lib/domain/usecases/get_now_playing_movies.dart
DA:9,1
DA:11,1
DA:12,2
LF:3
LH:3
end_of_record
SF:./core/lib/presentation/bloc/movies/now_playing/now_playing_bloc_state.dart
DA:7,1
DA:8,1
DA:12,1
DA:13,1
DA:18,1
DA:19,1
DA:20,1
DA:25,1
DA:26,1
DA:27,1
LF:10
LH:10
end_of_record
SF:./core/lib/presentation/bloc/movies/now_playing/now_playing_bloc_bloc.dart
DA:12,3
DA:13,2
DA:14,2
DA:15,3
DA:16,2
DA:17,3
DA:18,1
DA:19,2
LF:8
LH:8
end_of_record
SF:./core/lib/domain/usecases/series/get_watchlist_series.dart
DA:9,1
DA:11,1
DA:12,2
LF:3
LH:3
end_of_record
SF:./core/lib/presentation/bloc/series/watchlist_series/watchlist_series_state.dart
DA:7,1
DA:8,1
DA:12,1
DA:13,1
DA:18,1
DA:19,1
DA:20,1
DA:25,1
DA:26,1
DA:27,1
LF:10
LH:10
end_of_record
SF:./core/lib/presentation/bloc/series/watchlist_series/watchlist_series_bloc.dart
DA:12,1
DA:13,2
DA:14,2
DA:15,2
DA:16,3
DA:17,2
DA:18,3
DA:19,1
DA:20,2
LF:9
LH:9
end_of_record
SF:./core/lib/domain/usecases/series/get_watchlist_status.dart
DA:6,1
DA:8,1
DA:9,2
LF:3
LH:3
end_of_record
SF:./core/lib/domain/usecases/get_watchlist_status.dart
DA:6,1
DA:8,1
DA:9,2
LF:3
LH:3
end_of_record
SF:./search/lib/domain/usecase/search_series.dart
DA:9,1
DA:11,1
DA:12,2
LF:3
LH:3
end_of_record
SF:./search/lib/domain/usecase/search_movies.dart
DA:9,1
DA:11,1
DA:12,2
LF:3
LH:3
end_of_record
SF:./search/lib/presentation/bloc/search_movie/search_movie_state.dart
DA:5,4
DA:7,1
DA:8,1
DA:19,3
DA:21,1
DA:22,2
DA:28,2
DA:30,1
DA:31,2
LF:9
LH:9
end_of_record
SF:./search/lib/presentation/bloc/search_movie/search_movie_event.dart
DA:5,1
DA:11,1
LF:2
LH:2
end_of_record
SF:./search/lib/presentation/bloc/search_movie/search_movie_bloc.dart
DA:14,3
DA:15,2
DA:16,1
DA:17,2
DA:18,3
DA:20,1
DA:21,1
DA:22,3
DA:24,1
DA:25,2
DA:28,1
DA:31,1
DA:32,3
LF:13
LH:13
end_of_record
SF:./search/lib/presentation/bloc/search_series/search_series_state.dart
DA:5,4
DA:7,1
DA:8,1
DA:20,3
DA:22,1
DA:23,2
DA:29,2
DA:31,1
DA:32,2
LF:9
LH:9
end_of_record
SF:./search/lib/presentation/bloc/search_series/search_series_event.dart
DA:5,1
DA:11,1
LF:2
LH:2
end_of_record
SF:./search/lib/presentation/bloc/search_series/search_series_bloc.dart
DA:14,3
DA:15,2
DA:16,1
DA:17,2
DA:18,3
DA:19,1
DA:20,1
DA:21,3
DA:23,1
DA:24,2
DA:27,1
DA:30,1
DA:31,3
LF:13
LH:13
end_of_record
SF:./search/lib/presentation/pages/search_page.dart
DA:8,1
DA:10,1
DA:12,1
DA:13,1
DA:16,1
DA:18,1
DA:20,1
DA:21,1
DA:22,0
DA:23,0
DA:33,1
DA:35,1
DA:37,1
DA:38,1
DA:39,1
DA:43,1
DA:44,1
DA:45,1
DA:46,1
DA:48,1
DA:49,1
DA:50,1
DA:52,1
DA:55,1
DA:56,1
DA:57,1
DA:58,2
DA:62,0
DA:63,0
LF:29
LH:25
end_of_record
SF:./search/lib/presentation/pages/search_series_page.dart
DA:8,1
DA:10,1
DA:12,1
DA:13,1
DA:16,1
DA:18,1
DA:20,1
DA:21,1
DA:22,0
DA:24,0
DA:25,0
DA:35,1
DA:37,1
DA:39,1
DA:40,1
DA:41,1
DA:44,1
DA:45,1
DA:46,1
DA:47,1
DA:49,1
DA:50,1
DA:51,1
DA:53,1
DA:56,1
DA:57,1
DA:58,1
DA:59,2
LF:28
LH:25
end_of_record
SF:./search/lib/presentation/provider/movie_search_notifier.dart
DA:9,1
DA:12,2
DA:15,2
DA:18,2
DA:20,1
DA:21,1
DA:22,1
DA:24,3
DA:25,1
DA:26,1
DA:27,2
DA:28,1
DA:29,1
DA:31,1
DA:32,1
DA:33,1
DA:34,1
LF:17
LH:17
end_of_record
SF:./search/lib/presentation/provider/series_search_notifier.dart
DA:10,1
DA:13,2
DA:16,2
DA:19,2
DA:21,1
DA:22,1
DA:23,1
DA:25,3
DA:26,1
DA:27,1
DA:28,2
DA:29,1
DA:30,1
DA:32,1
DA:33,1
DA:34,1
DA:35,1
LF:17
LH:17
end_of_record
